<?xml version="1.0" encoding="UTF-8"?>
<!-- Generated by org.testng.reporters.JUnitReportReporter -->
<testsuite hostname="DSGW-IN-5CD2090" failures="0" tests="1" name="regressionTestingComplianceRequestScripts.CopyAgreementRequestTemplate" time="0.004" errors="0" timestamp="09 Oct 2024 14:35:58 GMT" skipped="1">
  <testcase classname="regressionTestingComplianceRequestScripts.CopyAgreementRequestTemplate" name="copyagreementRequestTemplate" time="0.004">
    <skipped/>
  </testcase> <!-- copyagreementRequestTemplate -->
</testsuite> <!-- regressionTestingComplianceRequestScripts.CopyAgreementRequestTemplate -->
