<?xml version="1.0" encoding="UTF-8"?>
<!-- Generated by org.testng.reporters.JUnitReportReporter -->
<testsuite hostname="DSGW-IN-5CD2090" failures="0" tests="1" name="regressionTestingComplianceRequestScripts.ForeignTravelWorkQueue" time="0.000" errors="0" timestamp="09 Oct 2024 14:35:58 GMT" skipped="1">
  <testcase classname="regressionTestingComplianceRequestScripts.ForeignTravelWorkQueue" name="ExportworkQueue" time="0.000">
    <skipped/>
  </testcase> <!-- ExportworkQueue -->
</testsuite> <!-- regressionTestingComplianceRequestScripts.ForeignTravelWorkQueue -->
