<?xml version="1.0" encoding="UTF-8"?>
<!-- Generated by org.testng.reporters.JUnitReportReporter -->
<testsuite skipped="0" hostname="J302CW1" name="vmsScripts.FrontDeskValidations" tests="4" failures="0" timestamp="13 Dec 2018 10:00:22 GMT" time="71.491" errors="0">
  <testcase name="validateVisitDate" time="20.410" classname="vmsScripts.FrontDeskValidations"/>
  <testcase name="validateVisitDate" time="21.180" classname="vmsScripts.FrontDeskValidations"/>
  <testcase name="validatePreviousDate" time="14.952" classname="vmsScripts.FrontDeskValidations"/>
  <testcase name="validatePreviousDate" time="14.949" classname="vmsScripts.FrontDeskValidations"/>
</testsuite> <!-- vmsScripts.FrontDeskValidations -->
